-------------------
CSE247 Robot tester starts testing kwaymergesort on 2018-04-02 21:40:53 -0500

========
Testing in ./GradingRepos/repos/cse247-s18-students-bridget.wang: kwaymergesort as of 2018-03-29 01:00 2018-04-05 00:05
========
Now in: /Users/puneetsachdeva/cse247-support/GradingRepos/repos/cse247-s18-students-bridget.wang
Your branch is up-to-date with 'origin/master'.
HEAD is now at c579c34 studio 9
No local changes to save

Updating c579c34..d2420eb
Fast-forward
 RoboGrade/kwaymergesort-test.TestMergeSort.txt | 188 +++++++++++++++++++++++++
 1 file changed, 188 insertions(+)
 create mode 100644 RoboGrade/kwaymergesort-test.TestMergeSort.txt
Going back in time to: 2018-03-29 01:00 2018-04-05 00:05
At hash d2420eb5e059951a0ff2ce28eab33f52ed1182c8

Buildfile: /Users/puneetsachdeva/cse247-support/build.xml

copytest:
     [echo] would copy from /Users/puneetsachdeva/git/cse247-s18-students key bridget.wang testfilesource test/TestMergeSort package kwaymergesort repo ./GradingRepos/repos/cse247-s18-students-bridget.wang
     [copy] Copying 1 file to /Users/puneetsachdeva/cse247-support/GradingRepos/repos/cse247-s18-students-bridget.wang/labs/kwaymergesort/test

BUILD SUCCESSFUL
Total time: 0 seconds
Compiling the code
Buildfile: /Users/puneetsachdeva/cse247-support/build.xml

compile:
     [echo] Compiling kwaymergesort/KWayMergeSort
    [mkdir] Created dir: /Users/puneetsachdeva/cse247-support/GradingRepos/repos/cse247-s18-students-bridget.wang/bin
    [javac] Compiling 1 source file to /Users/puneetsachdeva/cse247-support/GradingRepos/repos/cse247-s18-students-bridget.wang/bin

BUILD SUCCESSFUL
Total time: 0 seconds
Buildfile: /Users/puneetsachdeva/cse247-support/build.xml

compile:
     [echo] Compiling kwaymergesort/test/TestMergeSort
    [javac] Compiling 1 source file to /Users/puneetsachdeva/cse247-support/GradingRepos/repos/cse247-s18-students-bridget.wang/bin

BUILD SUCCESSFUL
Total time: 1 second
Running test test.TestMergeSort
Buildfile: /Users/puneetsachdeva/cse247-support/build.xml

test:
    [junit] Running kwaymergesort.test.TestMergeSort
    [junit] Testsuite: kwaymergesort.test.TestMergeSort
    [junit] 16-way merge sort of 4096 integers
    [junit] Tests run: 1, Failures: 1, Errors: 0, Skipped: 0, Time elapsed: 0.082 sec
    [junit] Output:
    [junit] 16-way merge sort of 4096 integers
    [junit] 
    [junit] Tests run: 1, Failures: 1, Errors: 0, Skipped: 0, Time elapsed: 0.082 sec
    [junit] ------------- Standard Output ---------------
    [junit] 16-way merge sort of 4096 integers
    [junit] ------------- ---------------- ---------------
    [junit] 
    [junit] Testcase: sortTest took 0.056 sec
    [junit] 	FAILED
    [junit] At index 0 expected -2145276385 but got -1645805131
    [junit] junit.framework.AssertionFailedError: At index 0 expected -2145276385 but got -1645805131
    [junit] 	at kwaymergesort.test.TestMergeSort.sortOnce(TestMergeSort.java:42)
    [junit] 	at kwaymergesort.test.TestMergeSort.sortTest(TestMergeSort.java:25)
    [junit] 	at java.base/jdk.internal.reflect.NativeMethodAccessorImpl.invoke0(Native Method)
    [junit] 	at java.base/jdk.internal.reflect.NativeMethodAccessorImpl.invoke(NativeMethodAccessorImpl.java:62)
    [junit] 	at java.base/jdk.internal.reflect.DelegatingMethodAccessorImpl.invoke(DelegatingMethodAccessorImpl.java:43)
    [junit] 

BUILD FAILED
/Users/puneetsachdeva/cse247-support/build.xml:34: Test kwaymergesort.test.TestMergeSort failed

Total time: 0 seconds
========
Testing in ./GradingRepos/repos/cse247-s18-students-bridget.wang: kwaymergesort as of 
========
Now in: /Users/puneetsachdeva/cse247-support/GradingRepos/repos/cse247-s18-students-bridget.wang
Your branch is up-to-date with 'origin/master'.
HEAD is now at d2420eb robograde
No local changes to save

Already up-to-date.
Going back in time to: 
At hash d2420eb5e059951a0ff2ce28eab33f52ed1182c8

Buildfile: /Users/puneetsachdeva/cse247-support/build.xml

copytest:
     [echo] would copy from /Users/puneetsachdeva/git/cse247-s18-students key bridget.wang testfilesource test/TestMergeSort package kwaymergesort repo ./GradingRepos/repos/cse247-s18-students-bridget.wang
     [copy] Copying 1 file to /Users/puneetsachdeva/cse247-support/GradingRepos/repos/cse247-s18-students-bridget.wang/labs/kwaymergesort/test

BUILD SUCCESSFUL
Total time: 0 seconds
Compiling the code
Buildfile: /Users/puneetsachdeva/cse247-support/build.xml

compile:
     [echo] Compiling kwaymergesort/KWayMergeSort
    [mkdir] Created dir: /Users/puneetsachdeva/cse247-support/GradingRepos/repos/cse247-s18-students-bridget.wang/bin
    [javac] Compiling 1 source file to /Users/puneetsachdeva/cse247-support/GradingRepos/repos/cse247-s18-students-bridget.wang/bin

BUILD SUCCESSFUL
Total time: 0 seconds
Buildfile: /Users/puneetsachdeva/cse247-support/build.xml

compile:
     [echo] Compiling kwaymergesort/test/TestMergeSort
    [javac] Compiling 1 source file to /Users/puneetsachdeva/cse247-support/GradingRepos/repos/cse247-s18-students-bridget.wang/bin

BUILD SUCCESSFUL
Total time: 1 second
Running test test.TestMergeSort
Buildfile: /Users/puneetsachdeva/cse247-support/build.xml

test:
    [junit] Running kwaymergesort.test.TestMergeSort
    [junit] Testsuite: kwaymergesort.test.TestMergeSort
    [junit] 4-way merge sort of 64 integers
    [junit] Tests run: 1, Failures: 1, Errors: 0, Skipped: 0, Time elapsed: 0.076 sec
    [junit] Output:
    [junit] 4-way merge sort of 64 integers
    [junit] 
    [junit] Tests run: 1, Failures: 1, Errors: 0, Skipped: 0, Time elapsed: 0.076 sec
    [junit] ------------- Standard Output ---------------
    [junit] 4-way merge sort of 64 integers
    [junit] ------------- ---------------- ---------------
    [junit] 
    [junit] Testcase: sortTest took 0.053 sec
    [junit] 	FAILED
    [junit] At index 0 expected -2126665803 but got -1605336487
    [junit] junit.framework.AssertionFailedError: At index 0 expected -2126665803 but got -1605336487
    [junit] 	at kwaymergesort.test.TestMergeSort.sortOnce(TestMergeSort.java:42)
    [junit] 	at kwaymergesort.test.TestMergeSort.sortTest(TestMergeSort.java:25)
    [junit] 	at java.base/jdk.internal.reflect.NativeMethodAccessorImpl.invoke0(Native Method)
    [junit] 	at java.base/jdk.internal.reflect.NativeMethodAccessorImpl.invoke(NativeMethodAccessorImpl.java:62)
    [junit] 	at java.base/jdk.internal.reflect.DelegatingMethodAccessorImpl.invoke(DelegatingMethodAccessorImpl.java:43)
    [junit] 

BUILD FAILED
/Users/puneetsachdeva/cse247-support/build.xml:34: Test kwaymergesort.test.TestMergeSort failed

Total time: 0 seconds
================
Lab is not counted -- failed unit tests
================

CSE247 Robot tester ends testing kwaymergesort on 2018-04-02 21:41:06 -0500
-------------------
